[28-Mar-2024 10:51:23 UTC] PHP Notice:  A função register_sidebar foi chamada incorretamente. A chave id não foi definida no array da barra lateral "Sidebar". O valor "sidebar-1" foi padronizado. Defina manualmente a chave id para "sidebar-1" para ignorar esta notificação e manter o conteúdo da barra lateral existente. Leia como <a>Depurar o WordPress</a> para mais informações. (Esta mensagem foi adicionada na versão 4.2.0.) in D:\Programas windows\xampp\htdocs\reat-novo\wp-includes\functions.php on line 6031
[28-Mar-2024 10:51:23 UTC] PHP Deprecated:  A função get_bloginfo foi chamada com um argumento que está obsoleto desde a versão 2.2.0! A opção home é obsoleta para a família de funções bloginfo(). Use a opção url em seu lugar. in D:\Programas windows\xampp\htdocs\reat-novo\wp-includes\functions.php on line 6031
[28-Mar-2024 10:51:23 UTC] PHP Deprecated:  A função get_bloginfo foi chamada com um argumento que está obsoleto desde a versão 2.2.0! A opção home é obsoleta para a família de funções bloginfo(). Use a opção url em seu lugar. in D:\Programas windows\xampp\htdocs\reat-novo\wp-includes\functions.php on line 6031
[28-Mar-2024 10:51:23 UTC] PHP Deprecated:  A função get_bloginfo foi chamada com um argumento que está obsoleto desde a versão 2.2.0! A opção home é obsoleta para a família de funções bloginfo(). Use a opção url em seu lugar. in D:\Programas windows\xampp\htdocs\reat-novo\wp-includes\functions.php on line 6031
[28-Mar-2024 10:51:23 UTC] PHP Deprecated:  A função get_bloginfo foi chamada com um argumento que está obsoleto desde a versão 2.2.0! A opção home é obsoleta para a família de funções bloginfo(). Use a opção url em seu lugar. in D:\Programas windows\xampp\htdocs\reat-novo\wp-includes\functions.php on line 6031
[28-Mar-2024 10:51:23 UTC] PHP Deprecated:  A função get_bloginfo foi chamada com um argumento que está obsoleto desde a versão 2.2.0! A opção home é obsoleta para a família de funções bloginfo(). Use a opção url em seu lugar. in D:\Programas windows\xampp\htdocs\reat-novo\wp-includes\functions.php on line 6031
[28-Mar-2024 10:51:23 UTC] PHP Deprecated:  A função get_bloginfo foi chamada com um argumento que está obsoleto desde a versão 2.2.0! A opção home é obsoleta para a família de funções bloginfo(). Use a opção url em seu lugar. in D:\Programas windows\xampp\htdocs\reat-novo\wp-includes\functions.php on line 6031
[28-Mar-2024 10:51:23 UTC] PHP Deprecated:  A função get_bloginfo foi chamada com um argumento que está obsoleto desde a versão 2.2.0! A opção home é obsoleta para a família de funções bloginfo(). Use a opção url em seu lugar. in D:\Programas windows\xampp\htdocs\reat-novo\wp-includes\functions.php on line 6031
[28-Mar-2024 10:51:23 UTC] PHP Deprecated:  A função get_bloginfo foi chamada com um argumento que está obsoleto desde a versão 2.2.0! A opção home é obsoleta para a família de funções bloginfo(). Use a opção url em seu lugar. in D:\Programas windows\xampp\htdocs\reat-novo\wp-includes\functions.php on line 6031
[28-Mar-2024 10:51:23 UTC] PHP Deprecated:  A função get_bloginfo foi chamada com um argumento que está obsoleto desde a versão 2.2.0! A opção home é obsoleta para a família de funções bloginfo(). Use a opção url em seu lugar. in D:\Programas windows\xampp\htdocs\reat-novo\wp-includes\functions.php on line 6031
[28-Mar-2024 10:51:23 UTC] PHP Deprecated:  A função get_bloginfo foi chamada com um argumento que está obsoleto desde a versão 2.2.0! A opção home é obsoleta para a família de funções bloginfo(). Use a opção url em seu lugar. in D:\Programas windows\xampp\htdocs\reat-novo\wp-includes\functions.php on line 6031
[28-Mar-2024 10:51:23 UTC] PHP Deprecated:  A função get_bloginfo foi chamada com um argumento que está obsoleto desde a versão 2.2.0! A opção home é obsoleta para a família de funções bloginfo(). Use a opção url em seu lugar. in D:\Programas windows\xampp\htdocs\reat-novo\wp-includes\functions.php on line 6031
[28-Mar-2024 10:51:23 UTC] PHP Deprecated:  A função get_bloginfo foi chamada com um argumento que está obsoleto desde a versão 2.2.0! A opção home é obsoleta para a família de funções bloginfo(). Use a opção url em seu lugar. in D:\Programas windows\xampp\htdocs\reat-novo\wp-includes\functions.php on line 6031
[28-Mar-2024 10:51:23 UTC] PHP Deprecated:  A função get_bloginfo foi chamada com um argumento que está obsoleto desde a versão 2.2.0! A opção home é obsoleta para a família de funções bloginfo(). Use a opção url em seu lugar. in D:\Programas windows\xampp\htdocs\reat-novo\wp-includes\functions.php on line 6031
[28-Mar-2024 10:51:23 UTC] PHP Deprecated:  A função get_bloginfo foi chamada com um argumento que está obsoleto desde a versão 2.2.0! A opção home é obsoleta para a família de funções bloginfo(). Use a opção url em seu lugar. in D:\Programas windows\xampp\htdocs\reat-novo\wp-includes\functions.php on line 6031
[28-Mar-2024 10:51:23 UTC] PHP Deprecated:  A função get_author_name está obsoleta desde a versão 2.8.0! Em vez disso, use get_the_author_meta('display_name'). in D:\Programas windows\xampp\htdocs\reat-novo\wp-includes\functions.php on line 6031
[28-Mar-2024 10:51:23 UTC] PHP Deprecated:  A função get_page_by_title está obsoleta desde a versão 6.2.0! Em vez disso, use WP_Query. in D:\Programas windows\xampp\htdocs\reat-novo\wp-includes\functions.php on line 6031
[28-Mar-2024 10:51:23 UTC] PHP Notice:  Trying to get property 'ID' of non-object in D:\Programas windows\xampp\htdocs\reat-novo\wp-content\themes\site_dama\functions.php on line 162
[28-Mar-2024 10:51:23 UTC] PHP Fatal error:  Uncaught Error: Call to undefined function the_field() in D:\Programas windows\xampp\htdocs\reat-novo\wp-content\themes\site_dama\includes\template-parts\footer\footer-logo.php:13
Stack trace:
#0 D:\Programas windows\xampp\htdocs\reat-novo\wp-includes\template.php(792): require()
#1 D:\Programas windows\xampp\htdocs\reat-novo\wp-includes\template.php(725): load_template('D:\\Programas wi...', false, Array)
#2 D:\Programas windows\xampp\htdocs\reat-novo\wp-includes\general-template.php(206): locate_template(Array, true, false, Array)
#3 D:\Programas windows\xampp\htdocs\reat-novo\wp-content\themes\site_dama\includes\template-parts\footer\footer-desk.php(2): get_template_part('includes/templa...')
#4 D:\Programas windows\xampp\htdocs\reat-novo\wp-includes\template.php(792): require('D:\\Programas wi...')
#5 D:\Programas windows\xampp\htdocs\reat-novo\wp-includes\template.php(725): load_template('D:\\Programas wi...', false, Array)
#6 D:\Programas windows\xampp\htdocs\reat-novo\wp-includes\general-template.php(2 in D:\Programas windows\xampp\htdocs\reat-novo\wp-content\themes\site_dama\includes\template-parts\footer\footer-logo.php on line 13
[28-Mar-2024 10:51:24 UTC] Xdebug: [Step Debug] Time-out connecting to debugging client, waited: 200 ms. Tried: localhost:9000 (through xdebug.client_host/xdebug.client_port) :-(
[28-Mar-2024 10:51:24 UTC] Xdebug: [Step Debug] Time-out connecting to debugging client, waited: 200 ms. Tried: localhost:9000 (through xdebug.client_host/xdebug.client_port) :-(
[28-Mar-2024 10:51:32 UTC] PHP Notice:  A função register_sidebar foi chamada incorretamente. A chave id não foi definida no array da barra lateral "Sidebar". O valor "sidebar-1" foi padronizado. Defina manualmente a chave id para "sidebar-1" para ignorar esta notificação e manter o conteúdo da barra lateral existente. Leia como <a>Depurar o WordPress</a> para mais informações. (Esta mensagem foi adicionada na versão 4.2.0.) in D:\Programas windows\xampp\htdocs\reat-novo\wp-includes\functions.php on line 6031
[28-Mar-2024 10:51:32 UTC] PHP Deprecated:  A função get_bloginfo foi chamada com um argumento que está obsoleto desde a versão 2.2.0! A opção home é obsoleta para a família de funções bloginfo(). Use a opção url em seu lugar. in D:\Programas windows\xampp\htdocs\reat-novo\wp-includes\functions.php on line 6031
[28-Mar-2024 10:51:32 UTC] PHP Deprecated:  A função get_bloginfo foi chamada com um argumento que está obsoleto desde a versão 2.2.0! A opção home é obsoleta para a família de funções bloginfo(). Use a opção url em seu lugar. in D:\Programas windows\xampp\htdocs\reat-novo\wp-includes\functions.php on line 6031
[28-Mar-2024 10:51:32 UTC] PHP Deprecated:  A função get_bloginfo foi chamada com um argumento que está obsoleto desde a versão 2.2.0! A opção home é obsoleta para a família de funções bloginfo(). Use a opção url em seu lugar. in D:\Programas windows\xampp\htdocs\reat-novo\wp-includes\functions.php on line 6031
[28-Mar-2024 10:51:32 UTC] PHP Deprecated:  A função get_bloginfo foi chamada com um argumento que está obsoleto desde a versão 2.2.0! A opção home é obsoleta para a família de funções bloginfo(). Use a opção url em seu lugar. in D:\Programas windows\xampp\htdocs\reat-novo\wp-includes\functions.php on line 6031
[28-Mar-2024 10:51:32 UTC] PHP Deprecated:  A função get_bloginfo foi chamada com um argumento que está obsoleto desde a versão 2.2.0! A opção home é obsoleta para a família de funções bloginfo(). Use a opção url em seu lugar. in D:\Programas windows\xampp\htdocs\reat-novo\wp-includes\functions.php on line 6031
[28-Mar-2024 10:51:32 UTC] PHP Deprecated:  A função get_bloginfo foi chamada com um argumento que está obsoleto desde a versão 2.2.0! A opção home é obsoleta para a família de funções bloginfo(). Use a opção url em seu lugar. in D:\Programas windows\xampp\htdocs\reat-novo\wp-includes\functions.php on line 6031
[28-Mar-2024 10:51:32 UTC] PHP Deprecated:  A função get_bloginfo foi chamada com um argumento que está obsoleto desde a versão 2.2.0! A opção home é obsoleta para a família de funções bloginfo(). Use a opção url em seu lugar. in D:\Programas windows\xampp\htdocs\reat-novo\wp-includes\functions.php on line 6031
[28-Mar-2024 10:51:32 UTC] PHP Deprecated:  A função get_bloginfo foi chamada com um argumento que está obsoleto desde a versão 2.2.0! A opção home é obsoleta para a família de funções bloginfo(). Use a opção url em seu lugar. in D:\Programas windows\xampp\htdocs\reat-novo\wp-includes\functions.php on line 6031
[28-Mar-2024 10:51:32 UTC] PHP Deprecated:  A função get_bloginfo foi chamada com um argumento que está obsoleto desde a versão 2.2.0! A opção home é obsoleta para a família de funções bloginfo(). Use a opção url em seu lugar. in D:\Programas windows\xampp\htdocs\reat-novo\wp-includes\functions.php on line 6031
[28-Mar-2024 10:51:32 UTC] PHP Deprecated:  A função get_bloginfo foi chamada com um argumento que está obsoleto desde a versão 2.2.0! A opção home é obsoleta para a família de funções bloginfo(). Use a opção url em seu lugar. in D:\Programas windows\xampp\htdocs\reat-novo\wp-includes\functions.php on line 6031
[28-Mar-2024 10:51:32 UTC] PHP Deprecated:  A função get_bloginfo foi chamada com um argumento que está obsoleto desde a versão 2.2.0! A opção home é obsoleta para a família de funções bloginfo(). Use a opção url em seu lugar. in D:\Programas windows\xampp\htdocs\reat-novo\wp-includes\functions.php on line 6031
[28-Mar-2024 10:51:32 UTC] PHP Deprecated:  A função get_bloginfo foi chamada com um argumento que está obsoleto desde a versão 2.2.0! A opção home é obsoleta para a família de funções bloginfo(). Use a opção url em seu lugar. in D:\Programas windows\xampp\htdocs\reat-novo\wp-includes\functions.php on line 6031
[28-Mar-2024 10:51:32 UTC] PHP Deprecated:  A função get_bloginfo foi chamada com um argumento que está obsoleto desde a versão 2.2.0! A opção home é obsoleta para a família de funções bloginfo(). Use a opção url em seu lugar. in D:\Programas windows\xampp\htdocs\reat-novo\wp-includes\functions.php on line 6031
[28-Mar-2024 10:51:32 UTC] PHP Deprecated:  A função get_bloginfo foi chamada com um argumento que está obsoleto desde a versão 2.2.0! A opção home é obsoleta para a família de funções bloginfo(). Use a opção url em seu lugar. in D:\Programas windows\xampp\htdocs\reat-novo\wp-includes\functions.php on line 6031
[28-Mar-2024 10:51:32 UTC] PHP Deprecated:  A função get_page_by_title está obsoleta desde a versão 6.2.0! Em vez disso, use WP_Query. in D:\Programas windows\xampp\htdocs\reat-novo\wp-includes\functions.php on line 6031
[28-Mar-2024 10:51:32 UTC] PHP Notice:  Trying to get property 'ID' of non-object in D:\Programas windows\xampp\htdocs\reat-novo\wp-content\themes\site_dama\functions.php on line 162
[28-Mar-2024 10:51:32 UTC] PHP Fatal error:  Uncaught Error: Call to undefined function the_field() in D:\Programas windows\xampp\htdocs\reat-novo\wp-content\themes\site_dama\includes\template-parts\footer\footer-logo.php:13
Stack trace:
#0 D:\Programas windows\xampp\htdocs\reat-novo\wp-includes\template.php(792): require()
#1 D:\Programas windows\xampp\htdocs\reat-novo\wp-includes\template.php(725): load_template('D:\\Programas wi...', false, Array)
#2 D:\Programas windows\xampp\htdocs\reat-novo\wp-includes\general-template.php(206): locate_template(Array, true, false, Array)
#3 D:\Programas windows\xampp\htdocs\reat-novo\wp-content\themes\site_dama\includes\template-parts\footer\footer-desk.php(2): get_template_part('includes/templa...')
#4 D:\Programas windows\xampp\htdocs\reat-novo\wp-includes\template.php(792): require('D:\\Programas wi...')
#5 D:\Programas windows\xampp\htdocs\reat-novo\wp-includes\template.php(725): load_template('D:\\Programas wi...', false, Array)
#6 D:\Programas windows\xampp\htdocs\reat-novo\wp-includes\general-template.php(2 in D:\Programas windows\xampp\htdocs\reat-novo\wp-content\themes\site_dama\includes\template-parts\footer\footer-logo.php on line 13
[28-Mar-2024 10:51:32 UTC] Xdebug: [Step Debug] Time-out connecting to debugging client, waited: 200 ms. Tried: localhost:9000 (through xdebug.client_host/xdebug.client_port) :-(
[28-Mar-2024 10:51:33 UTC] Xdebug: [Step Debug] Time-out connecting to debugging client, waited: 200 ms. Tried: localhost:9000 (through xdebug.client_host/xdebug.client_port) :-(
[28-Mar-2024 10:51:57 UTC] PHP Notice:  A função register_sidebar foi chamada incorretamente. A chave id não foi definida no array da barra lateral "Sidebar". O valor "sidebar-1" foi padronizado. Defina manualmente a chave id para "sidebar-1" para ignorar esta notificação e manter o conteúdo da barra lateral existente. Leia como <a>Depurar o WordPress</a> para mais informações. (Esta mensagem foi adicionada na versão 4.2.0.) in D:\Programas windows\xampp\htdocs\reat-novo\wp-includes\functions.php on line 6031
[28-Mar-2024 10:51:57 UTC] PHP Deprecated:  A função get_bloginfo foi chamada com um argumento que está obsoleto desde a versão 2.2.0! A opção home é obsoleta para a família de funções bloginfo(). Use a opção url em seu lugar. in D:\Programas windows\xampp\htdocs\reat-novo\wp-includes\functions.php on line 6031
[28-Mar-2024 10:51:57 UTC] PHP Deprecated:  A função get_bloginfo foi chamada com um argumento que está obsoleto desde a versão 2.2.0! A opção home é obsoleta para a família de funções bloginfo(). Use a opção url em seu lugar. in D:\Programas windows\xampp\htdocs\reat-novo\wp-includes\functions.php on line 6031
[28-Mar-2024 10:51:57 UTC] PHP Deprecated:  A função get_bloginfo foi chamada com um argumento que está obsoleto desde a versão 2.2.0! A opção home é obsoleta para a família de funções bloginfo(). Use a opção url em seu lugar. in D:\Programas windows\xampp\htdocs\reat-novo\wp-includes\functions.php on line 6031
[28-Mar-2024 10:51:57 UTC] PHP Deprecated:  A função get_bloginfo foi chamada com um argumento que está obsoleto desde a versão 2.2.0! A opção home é obsoleta para a família de funções bloginfo(). Use a opção url em seu lugar. in D:\Programas windows\xampp\htdocs\reat-novo\wp-includes\functions.php on line 6031
[28-Mar-2024 10:51:57 UTC] PHP Deprecated:  A função get_bloginfo foi chamada com um argumento que está obsoleto desde a versão 2.2.0! A opção home é obsoleta para a família de funções bloginfo(). Use a opção url em seu lugar. in D:\Programas windows\xampp\htdocs\reat-novo\wp-includes\functions.php on line 6031
[28-Mar-2024 10:51:57 UTC] PHP Deprecated:  A função get_bloginfo foi chamada com um argumento que está obsoleto desde a versão 2.2.0! A opção home é obsoleta para a família de funções bloginfo(). Use a opção url em seu lugar. in D:\Programas windows\xampp\htdocs\reat-novo\wp-includes\functions.php on line 6031
[28-Mar-2024 10:51:57 UTC] PHP Deprecated:  A função get_bloginfo foi chamada com um argumento que está obsoleto desde a versão 2.2.0! A opção home é obsoleta para a família de funções bloginfo(). Use a opção url em seu lugar. in D:\Programas windows\xampp\htdocs\reat-novo\wp-includes\functions.php on line 6031
[28-Mar-2024 10:51:57 UTC] PHP Deprecated:  A função get_bloginfo foi chamada com um argumento que está obsoleto desde a versão 2.2.0! A opção home é obsoleta para a família de funções bloginfo(). Use a opção url em seu lugar. in D:\Programas windows\xampp\htdocs\reat-novo\wp-includes\functions.php on line 6031
[28-Mar-2024 10:51:57 UTC] PHP Deprecated:  A função get_bloginfo foi chamada com um argumento que está obsoleto desde a versão 2.2.0! A opção home é obsoleta para a família de funções bloginfo(). Use a opção url em seu lugar. in D:\Programas windows\xampp\htdocs\reat-novo\wp-includes\functions.php on line 6031
[28-Mar-2024 10:51:57 UTC] PHP Deprecated:  A função get_bloginfo foi chamada com um argumento que está obsoleto desde a versão 2.2.0! A opção home é obsoleta para a família de funções bloginfo(). Use a opção url em seu lugar. in D:\Programas windows\xampp\htdocs\reat-novo\wp-includes\functions.php on line 6031
[28-Mar-2024 10:51:57 UTC] PHP Deprecated:  A função get_bloginfo foi chamada com um argumento que está obsoleto desde a versão 2.2.0! A opção home é obsoleta para a família de funções bloginfo(). Use a opção url em seu lugar. in D:\Programas windows\xampp\htdocs\reat-novo\wp-includes\functions.php on line 6031
[28-Mar-2024 10:51:57 UTC] PHP Deprecated:  A função get_bloginfo foi chamada com um argumento que está obsoleto desde a versão 2.2.0! A opção home é obsoleta para a família de funções bloginfo(). Use a opção url em seu lugar. in D:\Programas windows\xampp\htdocs\reat-novo\wp-includes\functions.php on line 6031
[28-Mar-2024 10:51:57 UTC] PHP Deprecated:  A função get_bloginfo foi chamada com um argumento que está obsoleto desde a versão 2.2.0! A opção home é obsoleta para a família de funções bloginfo(). Use a opção url em seu lugar. in D:\Programas windows\xampp\htdocs\reat-novo\wp-includes\functions.php on line 6031
[28-Mar-2024 10:51:57 UTC] PHP Deprecated:  A função get_bloginfo foi chamada com um argumento que está obsoleto desde a versão 2.2.0! A opção home é obsoleta para a família de funções bloginfo(). Use a opção url em seu lugar. in D:\Programas windows\xampp\htdocs\reat-novo\wp-includes\functions.php on line 6031
[28-Mar-2024 10:51:57 UTC] PHP Deprecated:  A função get_author_name está obsoleta desde a versão 2.8.0! Em vez disso, use get_the_author_meta('display_name'). in D:\Programas windows\xampp\htdocs\reat-novo\wp-includes\functions.php on line 6031
[28-Mar-2024 10:51:57 UTC] PHP Deprecated:  A função get_page_by_title está obsoleta desde a versão 6.2.0! Em vez disso, use WP_Query. in D:\Programas windows\xampp\htdocs\reat-novo\wp-includes\functions.php on line 6031
[28-Mar-2024 10:51:57 UTC] PHP Notice:  Trying to get property 'ID' of non-object in D:\Programas windows\xampp\htdocs\reat-novo\wp-content\themes\site_dama\functions.php on line 162
[28-Mar-2024 10:51:57 UTC] PHP Fatal error:  Uncaught Error: Call to undefined function the_field() in D:\Programas windows\xampp\htdocs\reat-novo\wp-content\themes\site_dama\includes\template-parts\footer\footer-logo.php:13
Stack trace:
#0 D:\Programas windows\xampp\htdocs\reat-novo\wp-includes\template.php(792): require()
#1 D:\Programas windows\xampp\htdocs\reat-novo\wp-includes\template.php(725): load_template('D:\\Programas wi...', false, Array)
#2 D:\Programas windows\xampp\htdocs\reat-novo\wp-includes\general-template.php(206): locate_template(Array, true, false, Array)
#3 D:\Programas windows\xampp\htdocs\reat-novo\wp-content\themes\site_dama\includes\template-parts\footer\footer-desk.php(2): get_template_part('includes/templa...')
#4 D:\Programas windows\xampp\htdocs\reat-novo\wp-includes\template.php(792): require('D:\\Programas wi...')
#5 D:\Programas windows\xampp\htdocs\reat-novo\wp-includes\template.php(725): load_template('D:\\Programas wi...', false, Array)
#6 D:\Programas windows\xampp\htdocs\reat-novo\wp-includes\general-template.php(2 in D:\Programas windows\xampp\htdocs\reat-novo\wp-content\themes\site_dama\includes\template-parts\footer\footer-logo.php on line 13
[28-Mar-2024 10:51:57 UTC] Xdebug: [Step Debug] Time-out connecting to debugging client, waited: 200 ms. Tried: localhost:9000 (through xdebug.client_host/xdebug.client_port) :-(
[28-Mar-2024 10:51:58 UTC] Xdebug: [Step Debug] Time-out connecting to debugging client, waited: 200 ms. Tried: localhost:9000 (through xdebug.client_host/xdebug.client_port) :-(
[28-Mar-2024 10:51:58 UTC] PHP Notice:  A função register_sidebar foi chamada incorretamente. A chave id não foi definida no array da barra lateral "Sidebar". O valor "sidebar-1" foi padronizado. Defina manualmente a chave id para "sidebar-1" para ignorar esta notificação e manter o conteúdo da barra lateral existente. Leia como <a>Depurar o WordPress</a> para mais informações. (Esta mensagem foi adicionada na versão 4.2.0.) in D:\Programas windows\xampp\htdocs\reat-novo\wp-includes\functions.php on line 6031
[28-Mar-2024 10:51:59 UTC] PHP Deprecated:  A função get_bloginfo foi chamada com um argumento que está obsoleto desde a versão 2.2.0! A opção home é obsoleta para a família de funções bloginfo(). Use a opção url em seu lugar. in D:\Programas windows\xampp\htdocs\reat-novo\wp-includes\functions.php on line 6031
[28-Mar-2024 10:51:59 UTC] PHP Deprecated:  A função get_bloginfo foi chamada com um argumento que está obsoleto desde a versão 2.2.0! A opção home é obsoleta para a família de funções bloginfo(). Use a opção url em seu lugar. in D:\Programas windows\xampp\htdocs\reat-novo\wp-includes\functions.php on line 6031
[28-Mar-2024 10:51:59 UTC] PHP Deprecated:  A função get_bloginfo foi chamada com um argumento que está obsoleto desde a versão 2.2.0! A opção home é obsoleta para a família de funções bloginfo(). Use a opção url em seu lugar. in D:\Programas windows\xampp\htdocs\reat-novo\wp-includes\functions.php on line 6031
[28-Mar-2024 10:51:59 UTC] PHP Deprecated:  A função get_bloginfo foi chamada com um argumento que está obsoleto desde a versão 2.2.0! A opção home é obsoleta para a família de funções bloginfo(). Use a opção url em seu lugar. in D:\Programas windows\xampp\htdocs\reat-novo\wp-includes\functions.php on line 6031
[28-Mar-2024 10:51:59 UTC] PHP Deprecated:  A função get_bloginfo foi chamada com um argumento que está obsoleto desde a versão 2.2.0! A opção home é obsoleta para a família de funções bloginfo(). Use a opção url em seu lugar. in D:\Programas windows\xampp\htdocs\reat-novo\wp-includes\functions.php on line 6031
[28-Mar-2024 10:51:59 UTC] PHP Deprecated:  A função get_bloginfo foi chamada com um argumento que está obsoleto desde a versão 2.2.0! A opção home é obsoleta para a família de funções bloginfo(). Use a opção url em seu lugar. in D:\Programas windows\xampp\htdocs\reat-novo\wp-includes\functions.php on line 6031
[28-Mar-2024 10:51:59 UTC] PHP Deprecated:  A função get_bloginfo foi chamada com um argumento que está obsoleto desde a versão 2.2.0! A opção home é obsoleta para a família de funções bloginfo(). Use a opção url em seu lugar. in D:\Programas windows\xampp\htdocs\reat-novo\wp-includes\functions.php on line 6031
[28-Mar-2024 10:51:59 UTC] PHP Deprecated:  A função get_bloginfo foi chamada com um argumento que está obsoleto desde a versão 2.2.0! A opção home é obsoleta para a família de funções bloginfo(). Use a opção url em seu lugar. in D:\Programas windows\xampp\htdocs\reat-novo\wp-includes\functions.php on line 6031
[28-Mar-2024 10:51:59 UTC] PHP Deprecated:  A função get_bloginfo foi chamada com um argumento que está obsoleto desde a versão 2.2.0! A opção home é obsoleta para a família de funções bloginfo(). Use a opção url em seu lugar. in D:\Programas windows\xampp\htdocs\reat-novo\wp-includes\functions.php on line 6031
[28-Mar-2024 10:51:59 UTC] PHP Deprecated:  A função get_bloginfo foi chamada com um argumento que está obsoleto desde a versão 2.2.0! A opção home é obsoleta para a família de funções bloginfo(). Use a opção url em seu lugar. in D:\Programas windows\xampp\htdocs\reat-novo\wp-includes\functions.php on line 6031
[28-Mar-2024 10:51:59 UTC] PHP Deprecated:  A função get_bloginfo foi chamada com um argumento que está obsoleto desde a versão 2.2.0! A opção home é obsoleta para a família de funções bloginfo(). Use a opção url em seu lugar. in D:\Programas windows\xampp\htdocs\reat-novo\wp-includes\functions.php on line 6031
[28-Mar-2024 10:51:59 UTC] PHP Deprecated:  A função get_bloginfo foi chamada com um argumento que está obsoleto desde a versão 2.2.0! A opção home é obsoleta para a família de funções bloginfo(). Use a opção url em seu lugar. in D:\Programas windows\xampp\htdocs\reat-novo\wp-includes\functions.php on line 6031
[28-Mar-2024 10:51:59 UTC] PHP Deprecated:  A função get_bloginfo foi chamada com um argumento que está obsoleto desde a versão 2.2.0! A opção home é obsoleta para a família de funções bloginfo(). Use a opção url em seu lugar. in D:\Programas windows\xampp\htdocs\reat-novo\wp-includes\functions.php on line 6031
[28-Mar-2024 10:51:59 UTC] PHP Deprecated:  A função get_bloginfo foi chamada com um argumento que está obsoleto desde a versão 2.2.0! A opção home é obsoleta para a família de funções bloginfo(). Use a opção url em seu lugar. in D:\Programas windows\xampp\htdocs\reat-novo\wp-includes\functions.php on line 6031
[28-Mar-2024 10:51:59 UTC] PHP Deprecated:  A função get_page_by_title está obsoleta desde a versão 6.2.0! Em vez disso, use WP_Query. in D:\Programas windows\xampp\htdocs\reat-novo\wp-includes\functions.php on line 6031
[28-Mar-2024 10:51:59 UTC] PHP Notice:  Trying to get property 'ID' of non-object in D:\Programas windows\xampp\htdocs\reat-novo\wp-content\themes\site_dama\functions.php on line 162
[28-Mar-2024 10:51:59 UTC] PHP Fatal error:  Uncaught Error: Call to undefined function the_field() in D:\Programas windows\xampp\htdocs\reat-novo\wp-content\themes\site_dama\includes\template-parts\footer\footer-logo.php:13
Stack trace:
#0 D:\Programas windows\xampp\htdocs\reat-novo\wp-includes\template.php(792): require()
#1 D:\Programas windows\xampp\htdocs\reat-novo\wp-includes\template.php(725): load_template('D:\\Programas wi...', false, Array)
#2 D:\Programas windows\xampp\htdocs\reat-novo\wp-includes\general-template.php(206): locate_template(Array, true, false, Array)
#3 D:\Programas windows\xampp\htdocs\reat-novo\wp-content\themes\site_dama\includes\template-parts\footer\footer-desk.php(2): get_template_part('includes/templa...')
#4 D:\Programas windows\xampp\htdocs\reat-novo\wp-includes\template.php(792): require('D:\\Programas wi...')
#5 D:\Programas windows\xampp\htdocs\reat-novo\wp-includes\template.php(725): load_template('D:\\Programas wi...', false, Array)
#6 D:\Programas windows\xampp\htdocs\reat-novo\wp-includes\general-template.php(2 in D:\Programas windows\xampp\htdocs\reat-novo\wp-content\themes\site_dama\includes\template-parts\footer\footer-logo.php on line 13
[28-Mar-2024 10:51:59 UTC] Xdebug: [Step Debug] Time-out connecting to debugging client, waited: 200 ms. Tried: localhost:9000 (through xdebug.client_host/xdebug.client_port) :-(
[28-Mar-2024 10:51:59 UTC] Xdebug: [Step Debug] Time-out connecting to debugging client, waited: 200 ms. Tried: localhost:9000 (through xdebug.client_host/xdebug.client_port) :-(
[28-Mar-2024 10:52:16 UTC] PHP Notice:  A função register_sidebar foi chamada incorretamente. A chave id não foi definida no array da barra lateral "Sidebar". O valor "sidebar-1" foi padronizado. Defina manualmente a chave id para "sidebar-1" para ignorar esta notificação e manter o conteúdo da barra lateral existente. Leia como <a>Depurar o WordPress</a> para mais informações. (Esta mensagem foi adicionada na versão 4.2.0.) in D:\Programas windows\xampp\htdocs\reat-novo\wp-includes\functions.php on line 6031
[28-Mar-2024 10:52:16 UTC] PHP Deprecated:  A função get_bloginfo foi chamada com um argumento que está obsoleto desde a versão 2.2.0! A opção home é obsoleta para a família de funções bloginfo(). Use a opção url em seu lugar. in D:\Programas windows\xampp\htdocs\reat-novo\wp-includes\functions.php on line 6031
[28-Mar-2024 10:52:16 UTC] PHP Deprecated:  A função get_bloginfo foi chamada com um argumento que está obsoleto desde a versão 2.2.0! A opção home é obsoleta para a família de funções bloginfo(). Use a opção url em seu lugar. in D:\Programas windows\xampp\htdocs\reat-novo\wp-includes\functions.php on line 6031
[28-Mar-2024 10:52:16 UTC] PHP Deprecated:  A função get_bloginfo foi chamada com um argumento que está obsoleto desde a versão 2.2.0! A opção home é obsoleta para a família de funções bloginfo(). Use a opção url em seu lugar. in D:\Programas windows\xampp\htdocs\reat-novo\wp-includes\functions.php on line 6031
[28-Mar-2024 10:52:16 UTC] PHP Deprecated:  A função get_bloginfo foi chamada com um argumento que está obsoleto desde a versão 2.2.0! A opção home é obsoleta para a família de funções bloginfo(). Use a opção url em seu lugar. in D:\Programas windows\xampp\htdocs\reat-novo\wp-includes\functions.php on line 6031
[28-Mar-2024 10:52:16 UTC] PHP Deprecated:  A função get_bloginfo foi chamada com um argumento que está obsoleto desde a versão 2.2.0! A opção home é obsoleta para a família de funções bloginfo(). Use a opção url em seu lugar. in D:\Programas windows\xampp\htdocs\reat-novo\wp-includes\functions.php on line 6031
[28-Mar-2024 10:52:16 UTC] PHP Deprecated:  A função get_bloginfo foi chamada com um argumento que está obsoleto desde a versão 2.2.0! A opção home é obsoleta para a família de funções bloginfo(). Use a opção url em seu lugar. in D:\Programas windows\xampp\htdocs\reat-novo\wp-includes\functions.php on line 6031
[28-Mar-2024 10:52:16 UTC] PHP Deprecated:  A função get_bloginfo foi chamada com um argumento que está obsoleto desde a versão 2.2.0! A opção home é obsoleta para a família de funções bloginfo(). Use a opção url em seu lugar. in D:\Programas windows\xampp\htdocs\reat-novo\wp-includes\functions.php on line 6031
[28-Mar-2024 10:52:16 UTC] PHP Deprecated:  A função get_bloginfo foi chamada com um argumento que está obsoleto desde a versão 2.2.0! A opção home é obsoleta para a família de funções bloginfo(). Use a opção url em seu lugar. in D:\Programas windows\xampp\htdocs\reat-novo\wp-includes\functions.php on line 6031
[28-Mar-2024 10:52:16 UTC] PHP Deprecated:  A função get_bloginfo foi chamada com um argumento que está obsoleto desde a versão 2.2.0! A opção home é obsoleta para a família de funções bloginfo(). Use a opção url em seu lugar. in D:\Programas windows\xampp\htdocs\reat-novo\wp-includes\functions.php on line 6031
[28-Mar-2024 10:52:16 UTC] PHP Deprecated:  A função get_bloginfo foi chamada com um argumento que está obsoleto desde a versão 2.2.0! A opção home é obsoleta para a família de funções bloginfo(). Use a opção url em seu lugar. in D:\Programas windows\xampp\htdocs\reat-novo\wp-includes\functions.php on line 6031
[28-Mar-2024 10:52:16 UTC] PHP Deprecated:  A função get_bloginfo foi chamada com um argumento que está obsoleto desde a versão 2.2.0! A opção home é obsoleta para a família de funções bloginfo(). Use a opção url em seu lugar. in D:\Programas windows\xampp\htdocs\reat-novo\wp-includes\functions.php on line 6031
[28-Mar-2024 10:52:16 UTC] PHP Deprecated:  A função get_bloginfo foi chamada com um argumento que está obsoleto desde a versão 2.2.0! A opção home é obsoleta para a família de funções bloginfo(). Use a opção url em seu lugar. in D:\Programas windows\xampp\htdocs\reat-novo\wp-includes\functions.php on line 6031
[28-Mar-2024 10:52:16 UTC] PHP Deprecated:  A função get_bloginfo foi chamada com um argumento que está obsoleto desde a versão 2.2.0! A opção home é obsoleta para a família de funções bloginfo(). Use a opção url em seu lugar. in D:\Programas windows\xampp\htdocs\reat-novo\wp-includes\functions.php on line 6031
[28-Mar-2024 10:52:16 UTC] PHP Deprecated:  A função get_bloginfo foi chamada com um argumento que está obsoleto desde a versão 2.2.0! A opção home é obsoleta para a família de funções bloginfo(). Use a opção url em seu lugar. in D:\Programas windows\xampp\htdocs\reat-novo\wp-includes\functions.php on line 6031
[28-Mar-2024 10:52:16 UTC] PHP Deprecated:  A função get_author_name está obsoleta desde a versão 2.8.0! Em vez disso, use get_the_author_meta('display_name'). in D:\Programas windows\xampp\htdocs\reat-novo\wp-includes\functions.php on line 6031
[28-Mar-2024 10:52:16 UTC] PHP Deprecated:  A função get_page_by_title está obsoleta desde a versão 6.2.0! Em vez disso, use WP_Query. in D:\Programas windows\xampp\htdocs\reat-novo\wp-includes\functions.php on line 6031
[28-Mar-2024 10:52:16 UTC] PHP Notice:  Trying to get property 'ID' of non-object in D:\Programas windows\xampp\htdocs\reat-novo\wp-content\themes\site_dama\functions.php on line 162
[28-Mar-2024 10:52:16 UTC] PHP Fatal error:  Uncaught Error: Call to undefined function the_field() in D:\Programas windows\xampp\htdocs\reat-novo\wp-content\themes\site_dama\includes\template-parts\footer\footer-logo.php:13
Stack trace:
#0 D:\Programas windows\xampp\htdocs\reat-novo\wp-includes\template.php(792): require()
#1 D:\Programas windows\xampp\htdocs\reat-novo\wp-includes\template.php(725): load_template('D:\\Programas wi...', false, Array)
#2 D:\Programas windows\xampp\htdocs\reat-novo\wp-includes\general-template.php(206): locate_template(Array, true, false, Array)
#3 D:\Programas windows\xampp\htdocs\reat-novo\wp-content\themes\site_dama\includes\template-parts\footer\footer-desk.php(2): get_template_part('includes/templa...')
#4 D:\Programas windows\xampp\htdocs\reat-novo\wp-includes\template.php(792): require('D:\\Programas wi...')
#5 D:\Programas windows\xampp\htdocs\reat-novo\wp-includes\template.php(725): load_template('D:\\Programas wi...', false, Array)
#6 D:\Programas windows\xampp\htdocs\reat-novo\wp-includes\general-template.php(2 in D:\Programas windows\xampp\htdocs\reat-novo\wp-content\themes\site_dama\includes\template-parts\footer\footer-logo.php on line 13
[28-Mar-2024 10:52:17 UTC] Xdebug: [Step Debug] Time-out connecting to debugging client, waited: 200 ms. Tried: localhost:9000 (through xdebug.client_host/xdebug.client_port) :-(
[28-Mar-2024 10:52:17 UTC] Xdebug: [Step Debug] Time-out connecting to debugging client, waited: 200 ms. Tried: localhost:9000 (through xdebug.client_host/xdebug.client_port) :-(
[28-Mar-2024 10:52:17 UTC] PHP Notice:  A função register_sidebar foi chamada incorretamente. A chave id não foi definida no array da barra lateral "Sidebar". O valor "sidebar-1" foi padronizado. Defina manualmente a chave id para "sidebar-1" para ignorar esta notificação e manter o conteúdo da barra lateral existente. Leia como <a>Depurar o WordPress</a> para mais informações. (Esta mensagem foi adicionada na versão 4.2.0.) in D:\Programas windows\xampp\htdocs\reat-novo\wp-includes\functions.php on line 6031
[28-Mar-2024 10:52:17 UTC] PHP Deprecated:  A função get_bloginfo foi chamada com um argumento que está obsoleto desde a versão 2.2.0! A opção home é obsoleta para a família de funções bloginfo(). Use a opção url em seu lugar. in D:\Programas windows\xampp\htdocs\reat-novo\wp-includes\functions.php on line 6031
[28-Mar-2024 10:52:17 UTC] PHP Deprecated:  A função get_bloginfo foi chamada com um argumento que está obsoleto desde a versão 2.2.0! A opção home é obsoleta para a família de funções bloginfo(). Use a opção url em seu lugar. in D:\Programas windows\xampp\htdocs\reat-novo\wp-includes\functions.php on line 6031
[28-Mar-2024 10:52:17 UTC] PHP Deprecated:  A função get_bloginfo foi chamada com um argumento que está obsoleto desde a versão 2.2.0! A opção home é obsoleta para a família de funções bloginfo(). Use a opção url em seu lugar. in D:\Programas windows\xampp\htdocs\reat-novo\wp-includes\functions.php on line 6031
[28-Mar-2024 10:52:17 UTC] PHP Deprecated:  A função get_bloginfo foi chamada com um argumento que está obsoleto desde a versão 2.2.0! A opção home é obsoleta para a família de funções bloginfo(). Use a opção url em seu lugar. in D:\Programas windows\xampp\htdocs\reat-novo\wp-includes\functions.php on line 6031
[28-Mar-2024 10:52:17 UTC] PHP Deprecated:  A função get_bloginfo foi chamada com um argumento que está obsoleto desde a versão 2.2.0! A opção home é obsoleta para a família de funções bloginfo(). Use a opção url em seu lugar. in D:\Programas windows\xampp\htdocs\reat-novo\wp-includes\functions.php on line 6031
[28-Mar-2024 10:52:17 UTC] PHP Deprecated:  A função get_bloginfo foi chamada com um argumento que está obsoleto desde a versão 2.2.0! A opção home é obsoleta para a família de funções bloginfo(). Use a opção url em seu lugar. in D:\Programas windows\xampp\htdocs\reat-novo\wp-includes\functions.php on line 6031
[28-Mar-2024 10:52:17 UTC] PHP Deprecated:  A função get_bloginfo foi chamada com um argumento que está obsoleto desde a versão 2.2.0! A opção home é obsoleta para a família de funções bloginfo(). Use a opção url em seu lugar. in D:\Programas windows\xampp\htdocs\reat-novo\wp-includes\functions.php on line 6031
[28-Mar-2024 10:52:17 UTC] PHP Deprecated:  A função get_bloginfo foi chamada com um argumento que está obsoleto desde a versão 2.2.0! A opção home é obsoleta para a família de funções bloginfo(). Use a opção url em seu lugar. in D:\Programas windows\xampp\htdocs\reat-novo\wp-includes\functions.php on line 6031
[28-Mar-2024 10:52:17 UTC] PHP Deprecated:  A função get_bloginfo foi chamada com um argumento que está obsoleto desde a versão 2.2.0! A opção home é obsoleta para a família de funções bloginfo(). Use a opção url em seu lugar. in D:\Programas windows\xampp\htdocs\reat-novo\wp-includes\functions.php on line 6031
[28-Mar-2024 10:52:17 UTC] PHP Deprecated:  A função get_bloginfo foi chamada com um argumento que está obsoleto desde a versão 2.2.0! A opção home é obsoleta para a família de funções bloginfo(). Use a opção url em seu lugar. in D:\Programas windows\xampp\htdocs\reat-novo\wp-includes\functions.php on line 6031
[28-Mar-2024 10:52:17 UTC] PHP Deprecated:  A função get_bloginfo foi chamada com um argumento que está obsoleto desde a versão 2.2.0! A opção home é obsoleta para a família de funções bloginfo(). Use a opção url em seu lugar. in D:\Programas windows\xampp\htdocs\reat-novo\wp-includes\functions.php on line 6031
[28-Mar-2024 10:52:17 UTC] PHP Deprecated:  A função get_bloginfo foi chamada com um argumento que está obsoleto desde a versão 2.2.0! A opção home é obsoleta para a família de funções bloginfo(). Use a opção url em seu lugar. in D:\Programas windows\xampp\htdocs\reat-novo\wp-includes\functions.php on line 6031
[28-Mar-2024 10:52:17 UTC] PHP Deprecated:  A função get_bloginfo foi chamada com um argumento que está obsoleto desde a versão 2.2.0! A opção home é obsoleta para a família de funções bloginfo(). Use a opção url em seu lugar. in D:\Programas windows\xampp\htdocs\reat-novo\wp-includes\functions.php on line 6031
[28-Mar-2024 10:52:17 UTC] PHP Deprecated:  A função get_bloginfo foi chamada com um argumento que está obsoleto desde a versão 2.2.0! A opção home é obsoleta para a família de funções bloginfo(). Use a opção url em seu lugar. in D:\Programas windows\xampp\htdocs\reat-novo\wp-includes\functions.php on line 6031
[28-Mar-2024 10:52:17 UTC] PHP Deprecated:  A função get_page_by_title está obsoleta desde a versão 6.2.0! Em vez disso, use WP_Query. in D:\Programas windows\xampp\htdocs\reat-novo\wp-includes\functions.php on line 6031
[28-Mar-2024 10:52:17 UTC] PHP Notice:  Trying to get property 'ID' of non-object in D:\Programas windows\xampp\htdocs\reat-novo\wp-content\themes\site_dama\functions.php on line 162
[28-Mar-2024 10:52:17 UTC] PHP Fatal error:  Uncaught Error: Call to undefined function the_field() in D:\Programas windows\xampp\htdocs\reat-novo\wp-content\themes\site_dama\includes\template-parts\footer\footer-logo.php:13
Stack trace:
#0 D:\Programas windows\xampp\htdocs\reat-novo\wp-includes\template.php(792): require()
#1 D:\Programas windows\xampp\htdocs\reat-novo\wp-includes\template.php(725): load_template('D:\\Programas wi...', false, Array)
#2 D:\Programas windows\xampp\htdocs\reat-novo\wp-includes\general-template.php(206): locate_template(Array, true, false, Array)
#3 D:\Programas windows\xampp\htdocs\reat-novo\wp-content\themes\site_dama\includes\template-parts\footer\footer-desk.php(2): get_template_part('includes/templa...')
#4 D:\Programas windows\xampp\htdocs\reat-novo\wp-includes\template.php(792): require('D:\\Programas wi...')
#5 D:\Programas windows\xampp\htdocs\reat-novo\wp-includes\template.php(725): load_template('D:\\Programas wi...', false, Array)
#6 D:\Programas windows\xampp\htdocs\reat-novo\wp-includes\general-template.php(2 in D:\Programas windows\xampp\htdocs\reat-novo\wp-content\themes\site_dama\includes\template-parts\footer\footer-logo.php on line 13
[28-Mar-2024 10:52:18 UTC] Xdebug: [Step Debug] Time-out connecting to debugging client, waited: 200 ms. Tried: localhost:9000 (through xdebug.client_host/xdebug.client_port) :-(
[28-Mar-2024 10:52:18 UTC] Xdebug: [Step Debug] Time-out connecting to debugging client, waited: 200 ms. Tried: localhost:9000 (through xdebug.client_host/xdebug.client_port) :-(
